#
# There is insufficient memory for the Java Runtime Environment to continue.
# Native memory allocation (malloc) failed to allocate 1048576 bytes for AllocateHeap
# Possible reasons:
#   The system is out of physical RAM or swap space
#   In 32 bit mode, the process size limit was hit
# Possible solutions:
#   Reduce memory load on the system
#   Increase physical memory or swap space
#   Check if swap backing store is full
#   Use 64 bit Java on a 64 bit OS
#   Decrease Java heap size (-Xmx/-Xms)
#   Decrease number of Java threads
#   Decrease Java thread stack sizes (-Xss)
#   Set larger code cache with -XX:ReservedCodeCacheSize=
# This output file may be truncated or incomplete.
#
#  Out of Memory Error (memory/allocation.inline.hpp:61), pid=19312, tid=0x00000000000031e4
#
# JRE version:  (8.0_111-b14) (build )
# Java VM: Java HotSpot(TM) 64-Bit Server VM (25.111-b14 mixed mode windows-amd64 compressed oops)
# Failed to write core dump. Minidumps are not enabled by default on client versions of Windows
#

---------------  T H R E A D  ---------------

Current thread (0x00000000032c0800):  JavaThread "Unknown thread" [_thread_in_vm, id=12772, stack(0x00000000031c0000,0x00000000032c0000)]

Stack: [0x00000000031c0000,0x00000000032c0000]
[error occurred during error reporting (printing stack bounds), id 0xc0000005]

Native frames: (J=compiled Java code, j=interpreted, Vv=VM code, C=native code)


---------------  P R O C E S S  ---------------

Java Threads: ( => current thread )

Other Threads:

=>0x00000000032c0800 (exited) JavaThread "Unknown thread" [_thread_in_vm, id=12772, stack(0x00000000031c0000,0x00000000032c0000)]

VM state:not at safepoint (normal execution)

VM Mutex/Monitor currently owned by a thread: None

Heap:
 PSYoungGen      total 18432K, used 317K [0x00000000ebe00000, 0x00000000ed280000, 0x0000000100000000)
  eden space 15872K, 2% used [0x00000000ebe00000,0x00000000ebe4f5d0,0x00000000ecd80000)
  from space 2560K, 0% used [0x00000000ed000000,0x00000000ed000000,0x00000000ed280000)
  to   space 2560K, 0% used [0x00000000ecd80000,0x00000000ecd80000,0x00000000ed000000)
 ParOldGen       total 42496K, used 0K [0x00000000c3a00000, 0x00000000c6380000, 0x00000000ebe00000)
  object space 42496K, 0% used [0x00000000c3a00000,0x00000000c3a00000,0x00000000c6380000)
 Metaspace       used 783K, capacity 1092K, committed 1152K, reserved 1060864K
  class space    used 75K, capacity 384K, committed 384K, reserved 1048576K

Card table byte_map: [0x0000000012780000,0x0000000012970000] byte_map_base: 0x0000000012163000

Marking Bits: (ParMarkBitMap*) 0x000000005c00a6c0
 Begin Bits: [0x0000000012ec0000, 0x0000000013dd8000)
 End Bits:   [0x0000000013dd8000, 0x0000000014cf0000)

Polling page: 0x0000000001300000

CodeCache: size=245760Kb used=328Kb max_used=328Kb free=245431Kb
 bounds [0x00000000033c0000, 0x0000000003630000, 0x00000000123c0000]
 total_blobs=58 nmethods=0 adapters=38
 compilation: enabled

Compilation events (0 events):
No events

GC Heap History (0 events):
No events

Deoptimization events (0 events):
No events

Internal exceptions (0 events):
No events

Events (10 events):
Event: 0.071 loading class java/lang/Short
Event: 0.071 loading class java/lang/Short done
Event: 0.071 loading class java/lang/Integer
Event: 0.072 loading class java/lang/Integer done
Event: 0.072 loading class java/lang/Long
Event: 0.072 loading class java/lang/Long done
Event: 0.073 loading class java/lang/NullPointerException
Event: 0.073 loading class java/lang/NullPointerException done
Event: 0.073 loading class java/lang/ArithmeticException
Event: 0.074 loading class java/lang/ArithmeticException done


Dynamic libraries:
0x00007ff794990000 - 0x00007ff7949c7000 	C:\Program Files\Java\jdk1.8.0_111\bin\java.exe
0x00007fffaf080000 - 0x00007fffaf270000 	C:\WINDOWS\SYSTEM32\ntdll.dll
0x00007fffae1a0000 - 0x00007fffae252000 	C:\WINDOWS\System32\KERNEL32.DLL
0x00007fffacb10000 - 0x00007fffacdb5000 	C:\WINDOWS\System32\KERNELBASE.dll
0x00007fffaeee0000 - 0x00007fffaef83000 	C:\WINDOWS\System32\ADVAPI32.dll
0x00007fffaebe0000 - 0x00007fffaec7e000 	C:\WINDOWS\System32\msvcrt.dll
0x00007fffad820000 - 0x00007fffad8b7000 	C:\WINDOWS\System32\sechost.dll
0x00007fffadfa0000 - 0x00007fffae0c0000 	C:\WINDOWS\System32\RPCRT4.dll
0x00007fffae800000 - 0x00007fffae994000 	C:\WINDOWS\System32\USER32.dll
0x00007fffac200000 - 0x00007fffac221000 	C:\WINDOWS\System32\win32u.dll
0x00007fffaec80000 - 0x00007fffaeca6000 	C:\WINDOWS\System32\GDI32.dll
0x00007fffacea0000 - 0x00007fffad036000 	C:\WINDOWS\System32\gdi32full.dll
0x00007fffad040000 - 0x00007fffad0de000 	C:\WINDOWS\System32\msvcp_win.dll
0x00007fffabff0000 - 0x00007fffac0ea000 	C:\WINDOWS\System32\ucrtbase.dll
0x00007fff9b090000 - 0x00007fff9b314000 	C:\WINDOWS\WinSxS\amd64_microsoft.windows.common-controls_6595b64144ccf1df_6.0.18362.1256_none_9e7e379be45e40e2\COMCTL32.dll
0x00007fffae260000 - 0x00007fffae596000 	C:\WINDOWS\System32\combase.dll
0x00007fffac0f0000 - 0x00007fffac171000 	C:\WINDOWS\System32\bcryptPrimitives.dll
0x00007fffad8e0000 - 0x00007fffad90e000 	C:\WINDOWS\System32\IMM32.DLL
0x000000005b710000 - 0x000000005b7e2000 	C:\Program Files\Java\jdk1.8.0_111\jre\bin\msvcr100.dll
0x000000005b7f0000 - 0x000000005c08a000 	C:\Program Files\Java\jdk1.8.0_111\jre\bin\server\jvm.dll
0x00007fffae120000 - 0x00007fffae128000 	C:\WINDOWS\System32\PSAPI.DLL
0x00007fff9b760000 - 0x00007fff9b769000 	C:\WINDOWS\SYSTEM32\WSOCK32.dll
0x00007fffa9670000 - 0x00007fffa9694000 	C:\WINDOWS\SYSTEM32\WINMM.dll
0x00007fffae620000 - 0x00007fffae68f000 	C:\WINDOWS\System32\WS2_32.dll
0x00007fffa9640000 - 0x00007fffa966d000 	C:\WINDOWS\SYSTEM32\winmmbase.dll
0x00007fffad0e0000 - 0x00007fffad12a000 	C:\WINDOWS\System32\cfgmgr32.dll
0x00007fffa2bc0000 - 0x00007fffa2bca000 	C:\WINDOWS\SYSTEM32\VERSION.dll
0x000000005b6c0000 - 0x000000005b6cf000 	C:\Program Files\Java\jdk1.8.0_111\jre\bin\verify.dll
0x000000005b690000 - 0x000000005b6b9000 	C:\Program Files\Java\jdk1.8.0_111\jre\bin\java.dll
0x000000005b670000 - 0x000000005b686000 	C:\Program Files\Java\jdk1.8.0_111\jre\bin\zip.dll

VM Arguments:
jvm_args: -Dfile.encoding=UTF-8 
java_command: HotelManage.HotelManagementSystem
java_class_path (initial): F:\Hotel\build\classes
Launcher Type: SUN_STANDARD

Environment Variables:
PATH=C:\ProgramData\Oracle\Java\javapath;C:\WINDOWS\system32;C:\WINDOWS;C:\WINDOWS\System32\Wbem;C:\WINDOWS\System32\WindowsPowerShell\v1.0\;C:\WINDOWS\System32\OpenSSH\;C:\Program Files\nodejs\;C:\Program Files\Git\cmd;C:\Users\DELL\AppData\Local\Microsoft\WindowsApps;C:\Users\DELL\AppData\Roaming\npm;C:\Users\DELL\AppData\Local\GitHubDesktop\bin
USERNAME=Mahmuda_Munny
OS=Windows_NT
PROCESSOR_IDENTIFIER=Intel64 Family 6 Model 142 Stepping 10, GenuineIntel



---------------  S Y S T E M  ---------------

OS: Windows 10.0 , 64 bit Build 18362 (10.0.18362.1110)

CPU:total 4 (2 cores per cpu, 2 threads per core) family 6 model 142 stepping 10, cmov, cx8, fxsr, mmx, sse, sse2, sse3, ssse3, sse4.1, sse4.2, popcnt, avx, avx2, aes, clmul, erms, 3dnowpref, lzcnt, ht, tsc, tscinvbit, bmi1, bmi2, adx

Memory: 4k page, physical 3952416k(269364k free), swap 16011040k(5188k free)

vm_info: Java HotSpot(TM) 64-Bit Server VM (25.111-b14) for windows-amd64 JRE (1.8.0_111-b14), built on Sep 22 2016 19:24:05 by "java_re" with MS VC++ 10.0 (VS2010)

time: Tue Dec 29 19:53:22 2020
elapsed time: 0 seconds (0d 0h 0m 0s)

